<?xml version="1.0" encoding="UTF-8"?>
<!-- Generated by org.testng.reporters.JUnitReportReporter -->
<testsuite hostname="LAPTOP-QBGR84OT" failures="0" tests="3" name="testScripts.ManageNewsTest" time="19.799" errors="0" timestamp="2026-06-19T23:08:07 IST" skipped="0">
  <testcase classname="testScripts.ManageNewsTest" name="verifyWhetherUserIsAbleToClickRestButton" time="4.392"/>
  <testcase classname="testScripts.ManageNewsTest" name="verifyWhetherUserIsAbleToSearchNews" time="7.208"/>
  <testcase classname="testScripts.ManageNewsTest" name="verifyWhetherAdminIsAbleToClickAddNewButtonOnManageNewsPage" time="8.199"/>
</testsuite> <!-- testScripts.ManageNewsTest -->
