<?xml version="1.0" encoding="UTF-8"?>
<!-- Generated by org.testng.reporters.JUnitReportReporter -->
<testsuite hostname="LAPTOP-QBGR84OT" failures="0" tests="3" name="testScripts.AdminUserTest" time="28.444" errors="0" timestamp="2026-06-19T23:02:57 IST" skipped="0">
  <testcase classname="testScripts.AdminUserTest" name="verifyWhetherUserIsAbleToSearchAUser" time="7.185"/>
  <testcase classname="testScripts.AdminUserTest" name="verifyWhetherAdminIsAbleToAddNewUser" time="15.350"/>
  <testcase classname="testScripts.AdminUserTest" name="verifyWhetherUserIsAbleToClickRestButton" time="5.909"/>
</testsuite> <!-- testScripts.AdminUserTest -->
