<?xml version="1.0" encoding="UTF-8"?>
<!-- Generated by org.testng.reporters.JUnitReportReporter -->
<testsuite hostname="LAPTOP-QBGR84OT" failures="0" tests="2" name="testScripts.LoginTest" time="12.557" errors="0" timestamp="2026-06-19T11:35:04 IST" skipped="0">
  <testcase classname="testScripts.LoginTest" name="verifyUserLoginWithInValidUsernameInvalidPassword" time="3.898"/>
  <testcase classname="testScripts.LoginTest" name="verifyUserLoginWithInValidUsernameInvalidPassword" time="8.659"/>
</testsuite> <!-- testScripts.LoginTest -->
