<?xml version="1.0" encoding="UTF-8"?>
<!-- Generated by org.testng.reporters.JUnitXMLReporter -->
<testsuite ignored="0" hostname="LAPTOP-QBGR84OT" failures="0" tests="4" name="Test1" time="35.207" errors="0" timestamp="2026-06-16T11:48:09 IST">
  <testcase classname="testScripts.LoginTest" name="verifyUserLoginWithValidCeredentials" time="5.195"/>
  <testcase classname="testScripts.LoginTest" name="verifyUserLoginWithValidUsernameInvalidPassword" time="1.838"/>
  <testcase classname="testScripts.LoginTest" name="verifyUserLoginWithInValidUsernameValidPassword" time="4.155"/>
  <testcase classname="testScripts.LoginTest" name="verifyUserLoginWithInValidUsernameInvalidPassword" time="5.313"/>
</testsuite> <!-- Test1 -->
