<?xml version="1.0" encoding="UTF-8"?>
<!-- Generated by org.testng.reporters.JUnitXMLReporter -->
<testsuite ignored="0" hostname="LAPTOP-QBGR84OT" failures="0" tests="3" name="Test" time="19.914" errors="0" timestamp="2026-06-19T23:08:06 IST">
  <testcase classname="testScripts.ManageNewsTest" name="verifyWhetherAdminIsAbleToClickAddNewButtonOnManageNewsPage" time="4.892"/>
  <testcase classname="testScripts.ManageNewsTest" name="verifyWhetherUserIsAbleToClickRestButton" time="2.376"/>
  <testcase classname="testScripts.ManageNewsTest" name="verifyWhetherUserIsAbleToSearchNews" time="4.842"/>
</testsuite> <!-- Test -->
