<?xml version="1.0" encoding="UTF-8"?>
<testng-results ignored="0" total="2" passed="2" failed="0" skipped="0">
  <reporter-output>
  </reporter-output>
  <suite started-at="2026-06-23T12:04:19 IST" name="Suite" finished-at="2026-06-23T12:04:32 IST" duration-ms="13112">
    <groups>
      <group name="smoke">
        <method signature="LoginTest.verifyUserLoginWithInValidUsernameInvalidPassword(java.lang.String,java.lang.String)[pri:4, instance:testScripts.LoginTest@402c4085]" name="verifyUserLoginWithInValidUsernameInvalidPassword" class="testScripts.LoginTest"/>
      </group> <!-- smoke -->
    </groups>
    <test started-at="2026-06-23T12:04:19 IST" name="Test" finished-at="2026-06-23T12:04:32 IST" duration-ms="13112">
      <class name="testScripts.LoginTest">
        <test-method is-config="true" signature="browserLaunch(java.lang.String)[pri:0, instance:testScripts.LoginTest@402c4085]" started-at="2026-06-23T12:04:19 IST" name="browserLaunch" finished-at="2026-06-23T12:04:25 IST" duration-ms="5358" status="PASS">
          <params>
            <param index="0">
              <value>
                <![CDATA[Chrome]]>
              </value>
            </param>
          </params>
          <reporter-output>
          </reporter-output>
        </test-method> <!-- browserLaunch -->
        <test-method signature="verifyUserLoginWithInValidUsernameInvalidPassword(java.lang.String,java.lang.String)[pri:4, instance:testScripts.LoginTest@402c4085]" started-at="2026-06-23T12:04:25 IST" name="verifyUserLoginWithInValidUsernameInvalidPassword" description="Validating User Login with InValid Ceredentials" data-provider="loginProvider" finished-at="2026-06-23T12:04:26 IST" duration-ms="1535" status="PASS">
          <params>
            <param index="0">
              <value>
                <![CDATA[admin]]>
              </value>
            </param>
            <param index="1">
              <value>
                <![CDATA[admin22]]>
              </value>
            </param>
          </params>
          <reporter-output>
          </reporter-output>
        </test-method> <!-- verifyUserLoginWithInValidUsernameInvalidPassword -->
        <test-method is-config="true" signature="browserClose(org.testng.ITestResult)[pri:0, instance:testScripts.LoginTest@402c4085]" started-at="2026-06-23T12:04:26 IST" name="browserClose" finished-at="2026-06-23T12:04:26 IST" duration-ms="5" status="PASS">
          <params>
            <param index="0">
              <value>
                <![CDATA[[TestResult name=verifyUserLoginWithInValidUsernameInvalidPassword status=SUCCESS method=LoginTest.verifyUserLoginWithInValidUsernameInvalidPassword(java.lang.String,java.lang.String)[pri:4, instance:testScripts.LoginTest@402c4085] output={null}]]]>
              </value>
            </param>
          </params>
          <reporter-output>
          </reporter-output>
        </test-method> <!-- browserClose -->
        <test-method is-config="true" signature="browserLaunch(java.lang.String)[pri:0, instance:testScripts.LoginTest@402c4085]" started-at="2026-06-23T12:04:26 IST" name="browserLaunch" finished-at="2026-06-23T12:04:31 IST" duration-ms="4612" status="PASS">
          <params>
            <param index="0">
              <value>
                <![CDATA[Chrome]]>
              </value>
            </param>
          </params>
          <reporter-output>
          </reporter-output>
        </test-method> <!-- browserLaunch -->
        <test-method signature="verifyUserLoginWithInValidUsernameInvalidPassword(java.lang.String,java.lang.String)[pri:4, instance:testScripts.LoginTest@402c4085]" started-at="2026-06-23T12:04:31 IST" name="verifyUserLoginWithInValidUsernameInvalidPassword" description="Validating User Login with InValid Ceredentials" data-provider="loginProvider" finished-at="2026-06-23T12:04:32 IST" duration-ms="1443" status="PASS">
          <params>
            <param index="0">
              <value>
                <![CDATA[admin123]]>
              </value>
            </param>
            <param index="1">
              <value>
                <![CDATA[123]]>
              </value>
            </param>
          </params>
          <reporter-output>
          </reporter-output>
        </test-method> <!-- verifyUserLoginWithInValidUsernameInvalidPassword -->
        <test-method is-config="true" signature="browserClose(org.testng.ITestResult)[pri:0, instance:testScripts.LoginTest@402c4085]" started-at="2026-06-23T12:04:32 IST" name="browserClose" finished-at="2026-06-23T12:04:32 IST" duration-ms="1" status="PASS">
          <params>
            <param index="0">
              <value>
                <![CDATA[[TestResult name=verifyUserLoginWithInValidUsernameInvalidPassword status=SUCCESS method=LoginTest.verifyUserLoginWithInValidUsernameInvalidPassword(java.lang.String,java.lang.String)[pri:4, instance:testScripts.LoginTest@402c4085] output={null}]]]>
              </value>
            </param>
          </params>
          <reporter-output>
          </reporter-output>
        </test-method> <!-- browserClose -->
      </class> <!-- testScripts.LoginTest -->
    </test> <!-- Test -->
  </suite> <!-- Suite -->
</testng-results>
