<?xml version="1.0" encoding="UTF-8"?>
<!-- Generated by org.testng.reporters.JUnitXMLReporter -->
<testsuite ignored="0" hostname="LAPTOP-QBGR84OT" failures="0" tests="4" name="Test1" time="29.85" errors="0" timestamp="2026-06-16T11:51:26 IST">
  <testcase classname="testScripts.LoginTest" name="verifyUserLoginWithValidCeredentials" time="4.481"/>
  <testcase classname="testScripts.LoginTest" name="verifyUserLoginWithValidUsernameInvalidPassword" time="1.977"/>
  <testcase classname="testScripts.LoginTest" name="verifyUserLoginWithInValidUsernameValidPassword" time="2.013"/>
  <testcase classname="testScripts.LoginTest" name="verifyUserLoginWithInValidUsernameInvalidPassword" time="3.912"/>
</testsuite> <!-- Test1 -->
