<?xml version="1.0" encoding="UTF-8"?>
<!-- Generated by org.testng.reporters.JUnitXMLReporter -->
<testsuite ignored="3" hostname="LAPTOP-QBGR84OT" failures="0" tests="2" name="Test" time="13.112" errors="0" timestamp="2026-06-23T12:04:34 IST">
  <testcase classname="testScripts.LoginTest" name="verifyUserLoginWithInValidUsernameInvalidPassword" time="1.535"/>
  <testcase classname="testScripts.LoginTest" name="verifyUserLoginWithInValidUsernameInvalidPassword" time="1.443"/>
  <testcase classname="testScripts.LoginTest" name="verifyUserLoginWithInValidUsernameValidPassword" time="0.0">
    <ignored/>
  </testcase> <!-- verifyUserLoginWithInValidUsernameValidPassword -->
  <testcase classname="testScripts.LoginTest" name="verifyUserLoginWithValidUsernameInvalidPassword" time="0.0">
    <ignored/>
  </testcase> <!-- verifyUserLoginWithValidUsernameInvalidPassword -->
  <testcase classname="testScripts.LoginTest" name="verifyUserLoginWithValidCeredentials" time="0.0">
    <ignored/>
  </testcase> <!-- verifyUserLoginWithValidCeredentials -->
</testsuite> <!-- Test -->
