<?xml version="1.0" encoding="UTF-8"?>
<!-- Generated by org.testng.reporters.JUnitReportReporter -->
<testsuite hostname="LAPTOP-QBGR84OT" failures="0" tests="2" name="testScripts.LoginTest" time="12.954" errors="0" timestamp="2026-06-23T12:04:35 IST" skipped="0">
  <testcase classname="testScripts.LoginTest" name="verifyUserLoginWithInValidUsernameInvalidPassword" time="6.148"/>
  <testcase classname="testScripts.LoginTest" name="verifyUserLoginWithInValidUsernameInvalidPassword" time="6.806"/>
</testsuite> <!-- testScripts.LoginTest -->
