<?xml version="1.0" encoding="UTF-8"?>
<!-- Generated by org.testng.reporters.JUnitXMLReporter -->
<testsuite ignored="2" hostname="LAPTOP-QBGR84OT" failures="0" tests="1" name="Default test" time="11.069" errors="0" timestamp="2026-06-14T00:30:25 IST">
  <testcase classname="testScripts.ManageNewsTest" name="verifyWhetherUserIsAbleToClickRestButton" time="5.194"/>
  <testcase classname="testScripts.ManageNewsTest" name="verifyWhetherUserIsAbleToSearchNews" time="0.0">
    <ignored/>
  </testcase> <!-- verifyWhetherUserIsAbleToSearchNews -->
  <testcase classname="testScripts.ManageNewsTest" name="verifyWhetherAdminIsAbleToClickAddNewButtonOnManageNewsPage" time="0.0">
    <ignored/>
  </testcase> <!-- verifyWhetherAdminIsAbleToClickAddNewButtonOnManageNewsPage -->
</testsuite> <!-- Default test -->
