<?xml version="1.0" encoding="UTF-8"?>
<!-- Generated by org.testng.reporters.JUnitXMLReporter -->
<testsuite ignored="0" hostname="LAPTOP-QBGR84OT" failures="0" tests="4" name="Default test" time="72.902" errors="0" timestamp="2026-06-01T11:34:34 IST">
  <testcase classname="testScripts.LoginTest" name="verifyUserLoginWithInvalidCeredentials" time="6.903"/>
  <testcase classname="testScripts.LoginTest" name="verifyUserLoginWithInvalidUsernameValidPassword" time="1.711"/>
  <testcase classname="testScripts.LoginTest" name="verifyUserLoginWithValidCeredentials" time="4.189"/>
  <testcase classname="testScripts.LoginTest" name="verifyUserLoginWithValidUsernameInvalidPassword" time="18.777"/>
</testsuite> <!-- Default test -->
