<?xml version="1.0" encoding="UTF-8"?>
<!-- Generated by org.testng.reporters.JUnitReportReporter -->
<testsuite hostname="LAPTOP-QBGR84OT" failures="0" tests="4" name="testScripts.LoginTest" time="72.028" errors="0" timestamp="2026-06-01T11:34:35 IST" skipped="0">
  <testcase classname="testScripts.LoginTest" name="verifyUserLoginWithValidCeredentials" time="18.185"/>
  <testcase classname="testScripts.LoginTest" name="verifyUserLoginWithInvalidUsernameValidPassword" time="8.579"/>
  <testcase classname="testScripts.LoginTest" name="verifyUserLoginWithInvalidCeredentials" time="18.585"/>
  <testcase classname="testScripts.LoginTest" name="verifyUserLoginWithValidUsernameInvalidPassword" time="26.679"/>
</testsuite> <!-- testScripts.LoginTest -->
