<?xml version="1.0" encoding="UTF-8"?>
<!-- Generated by org.testng.reporters.JUnitXMLReporter -->
<testsuite ignored="3" hostname="LAPTOP-QBGR84OT" failures="0" tests="1" name="Firefox Test" time="59.367" errors="0" timestamp="2026-06-17T12:18:14 IST">
  <testcase classname="testScripts.LoginTest" name="verifyUserLoginWithValidCeredentials" time="4.3"/>
  <testcase classname="testScripts.LoginTest" name="verifyUserLoginWithInValidUsernameInvalidPassword" time="0.0">
    <ignored/>
  </testcase> <!-- verifyUserLoginWithInValidUsernameInvalidPassword -->
  <testcase classname="testScripts.LoginTest" name="verifyUserLoginWithInValidUsernameValidPassword" time="0.0">
    <ignored/>
  </testcase> <!-- verifyUserLoginWithInValidUsernameValidPassword -->
  <testcase classname="testScripts.LoginTest" name="verifyUserLoginWithValidUsernameInvalidPassword" time="0.0">
    <ignored/>
  </testcase> <!-- verifyUserLoginWithValidUsernameInvalidPassword -->
</testsuite> <!-- Firefox Test -->
